0 info it worked if it ends with ok
1 verbose cli [ '/usr/local/Cellar/node/5.1.0/bin/node',
1 verbose cli   '/usr/local/bin/npm',
1 verbose cli   'start' ]
2 info using npm@3.7.3
3 info using node@v5.1.0
4 verbose run-script [ 'prestart', 'start', 'poststart' ]
5 info lifecycle presentation-planning-days@0.0.0~prestart: presentation-planning-days@0.0.0
6 silly lifecycle presentation-planning-days@0.0.0~prestart: no script for prestart, continuing
7 info lifecycle presentation-planning-days@0.0.0~start: presentation-planning-days@0.0.0
8 verbose lifecycle presentation-planning-days@0.0.0~start: unsafe-perm in lifecycle true
9 verbose lifecycle presentation-planning-days@0.0.0~start: PATH: /usr/local/lib/node_modules/npm/bin/node-gyp-bin:/Users/paul/Projects/presentation-planning-days/node_modules/.bin:/usr/local/Cellar/node/5.1.0/bin:/Users/paul/Development/Tools/git-tf:/Applications/Araxis Merge.app/Contents/Utilities:/usr/local/bin:/usr/local/heroku/bin:/usr/local/sbin:/usr/bin:/bin:/usr/sbin:/sbin:/usr/local/bin:/opt/X11/bin
10 verbose lifecycle presentation-planning-days@0.0.0~start: CWD: /Users/paul/Projects/presentation-planning-days
11 silly lifecycle presentation-planning-days@0.0.0~start: Args: [ '-c', 'gulp serve' ]
12 silly lifecycle presentation-planning-days@0.0.0~start: Returned: code: 1  signal: null
13 info lifecycle presentation-planning-days@0.0.0~start: Failed to exec start script
14 verbose stack Error: presentation-planning-days@0.0.0 start: `gulp serve`
14 verbose stack Exit status 1
14 verbose stack     at EventEmitter.<anonymous> (/usr/local/lib/node_modules/npm/lib/utils/lifecycle.js:239:16)
14 verbose stack     at emitTwo (events.js:87:13)
14 verbose stack     at EventEmitter.emit (events.js:172:7)
14 verbose stack     at ChildProcess.<anonymous> (/usr/local/lib/node_modules/npm/lib/utils/spawn.js:24:14)
14 verbose stack     at emitTwo (events.js:87:13)
14 verbose stack     at ChildProcess.emit (events.js:172:7)
14 verbose stack     at maybeClose (internal/child_process.js:818:16)
14 verbose stack     at Process.ChildProcess._handle.onexit (internal/child_process.js:211:5)
15 verbose pkgid presentation-planning-days@0.0.0
16 verbose cwd /Users/paul/Projects/presentation-planning-days
17 error Darwin 13.4.0
18 error argv "/usr/local/Cellar/node/5.1.0/bin/node" "/usr/local/bin/npm" "start"
19 error node v5.1.0
20 error npm  v3.7.3
21 error code ELIFECYCLE
22 error presentation-planning-days@0.0.0 start: `gulp serve`
22 error Exit status 1
23 error Failed at the presentation-planning-days@0.0.0 start script 'gulp serve'.
23 error Make sure you have the latest version of node.js and npm installed.
23 error If you do, this is most likely a problem with the presentation-planning-days package,
23 error not with npm itself.
23 error Tell the author that this fails on your system:
23 error     gulp serve
23 error You can get information on how to open an issue for this project with:
23 error     npm bugs presentation-planning-days
23 error Or if that isn't available, you can get their info via:
23 error     npm owner ls presentation-planning-days
23 error There is likely additional logging output above.
24 verbose exit [ 1, true ]
